Arguments: 
  C:\Program Files\nodejs\node.exe C:\Users\tilak\AppData\Roaming\npm\node_modules\yarn\bin\yarn.js add -D rimraf

PATH: 
  C:\Program Files\Python39\Scripts\;C:\Program Files\Python39\;C:\Program Files\Common Files\Oracle\Java\javapath;C:\Windows\system32;C:\Windows;C:\Windows\System32\Wbem;C:\Windows\System32\WindowsPowerShell\v1.0\;C:\Windows\System32\OpenSSH\;C:\Program Files (x86)\NVIDIA Corporation\PhysX\Common;C:\Program Files\Java\jdk-13.0.2\bin;C:\WINDOWS\system32;C:\WINDOWS;C:\WINDOWS\System32\Wbem;C:\WINDOWS\System32\WindowsPowerShell\v1.0\;C:\WINDOWS\System32\OpenSSH\;C:\Program Files\Git\cmd;C:\xampp\php;C:\ProgramData\ComposerSetup\bin;C:\Program Files\Redis\;C:\Program Files\PuTTY\;C:\Program Files\dotnet\;C:\Program Files\nodejs\;C:\Program Files\CMake\bin;C:\Users\tilak\AppData\Local\Microsoft\WindowsApps;C:\Users\tilak\AppData\Local\Programs\Microsoft VS Code\bin;C:\Users\tilak\Desktop\platform-tools_r31.0.0-windows\platform-tools;C:\Program Files\MongoDB\Server\4.4\bin;C:\Program Files\heroku\bin;C:\Users\tilak\AppData\Roaming\Composer\vendor\bin;C:\xampp\mysql\bin;C:\src\flutter\bin;C:\Users\tilak\.dotnet\tools;C:\Users\tilak\AppData\Roaming\npm;C:\Program Files\Python39;

Yarn version: 
  1.22.17

Node version: 
  20.11.1

Platform: 
  win32 x64

Trace: 
  SyntaxError: D:\city_council\citycouncilBackend\package.json: Unexpected token '}', ..."build":
    },
    "auth"... is not valid JSON
      at JSON.parse (<anonymous>)
      at C:\Users\tilak\AppData\Roaming\npm\node_modules\yarn\lib\cli.js:1625:59
      at Generator.next (<anonymous>)
      at step (C:\Users\tilak\AppData\Roaming\npm\node_modules\yarn\lib\cli.js:310:30)
      at C:\Users\tilak\AppData\Roaming\npm\node_modules\yarn\lib\cli.js:321:13

npm manifest: 
  {
    "name": "citycouncilbackend",
    "version": "1.0.0",
    "description": "kathmandu city council backend",
    "main": "src/server.ts",
    "scripts": {
      "test": "echo \"Error: no test specified\" && exit 1",
      "start": "nodemon",
      "build":
    },
    "author": "sakriya khadka",
    "license": "ISC",
    "devDependencies": {
      "@types/bcryptjs": "^2.4.6",
      "@types/cors": "^2.8.17",
      "@types/email-templates": "^10.0.4",
      "@types/express": "^4.17.21",
      "@types/jsonwebtoken": "^9.0.6",
      "@types/node": "^20.11.29",
      "express": "^4.18.3",
      "jsonwebtoken": "^9.0.2",
      "nodemon": "^3.1.0",
      "ts-node": "^10.9.2",
      "typescript": "^5.4.2"
    },
    "dependencies": {
      "@types/mongoose": "^5.11.97",
      "@types/nodemailer": "^6.4.14",
      "bcryptjs": "^2.4.3",
      "cors": "^2.8.5",
      "dotenv": "^16.4.5",
      "email-templates": "^11.1.1",
      "helmet": "^7.1.0",
      "mongoose": "^8.2.2",
      "nodemailer": "^6.9.13"
    },
    "pre-commit": [
      "ts.check",
      "build",
      "add-build"
  ]
  }

yarn manifest: 
  No manifest

Lockfile: 
  No lockfile
